           _                 _    
  __ _  __| |_ __ __ _ _ __ | |_  
 / _` |/ _` | '__/ _` | '_ \| __| 
| (_| | (_| | | | (_| | | | | |_  
 \__, |\__,_|_|  \__,_|_| |_|\__| 
    |_|                           

Version: 1.11.4, build: d8b6e4a0
Access web UI at http://localhost:6333/dashboard

2024-09-23T16:38:13.796250Z  INFO storage::content_manager::consensus::persistent: Loading raft state from ./storage/raft_state.json    
2024-09-23T16:38:13.796797Z DEBUG storage::content_manager::consensus::persistent: State: Persistent { state: RaftState { hard_state: HardState { term: 0, vote: 0, commit: 0 }, conf_state: ConfState { voters: [7615437176725616], learners: [], voters_outgoing: [], learners_next: [], auto_leave: false } }, latest_snapshot_meta: SnapshotMetadataSer { term: 0, index: 0 }, apply_progress_queue: EntryApplyProgressQueue(None), peer_address_by_id: RwLock { data: {} }, peer_metadata_by_id: RwLock { data: {} }, cluster_metadata: {}, this_peer_id: 7615437176725616, path: "./storage/raft_state.json", dirty: false }    
2024-09-23T16:38:13.833072Z  INFO storage::content_manager::toc: Loading collection: default    
2024-09-23T16:38:14.060240Z  INFO collection::shards::local_shard: Recovering collection default: 0/1 (0%)    
2024-09-23T16:38:14.101245Z  INFO collection::shards::local_shard: Recovered collection default: 1/1 (100%)    
2024-09-23T16:38:14.106115Z DEBUG qdrant: Loaded collection: default    
2024-09-23T16:38:14.106133Z  INFO qdrant: Distributed mode disabled    
2024-09-23T16:38:14.106185Z  INFO qdrant: Telemetry reporting disabled    
2024-09-23T16:38:14.106512Z DEBUG qdrant: Waiting for thread web to finish    
2024-09-23T16:38:14.107216Z  WARN qdrant::actix::web_ui: Static content folder for Web UI './static' does not exist    
2024-09-23T16:38:14.107728Z  INFO qdrant::actix: TLS disabled for REST API    
2024-09-23T16:38:14.107765Z  INFO qdrant::actix: Qdrant HTTP listening on 6333    
2024-09-23T16:38:14.107773Z  INFO actix_server::builder: Starting 11 workers
2024-09-23T16:38:14.107778Z  INFO actix_server::server: Actix runtime found; starting in Actix runtime
2024-09-23T16:38:14.110702Z  INFO qdrant::tonic: Qdrant gRPC listening on 6334    
2024-09-23T16:38:14.110722Z  INFO qdrant::tonic: TLS disabled for gRPC API    
2024-09-23T16:38:23.794343Z  INFO storage::content_manager::toc::collection_meta_ops: Deleting collection default    
2024-09-23T16:38:23.795523Z DEBUG collection::update_handler: Stopping flush worker.    
2024-09-23T16:38:23.805369Z  INFO actix_web::middleware::logger: 127.0.0.1 "DELETE /collections/default HTTP/1.1" 200 48 "-" "curl/7.81.0" 0.011113    
2024-09-23T16:38:46.134137Z DEBUG storage::content_manager::snapshots::recover: Downloading snapshot from file:///home/san/gaianet/qdrant/snapshots/default/default.snapshot to /home/san/gaianet/qdrant/./snapshots/tmp/download-21uNRy    
2024-09-23T16:38:46.134514Z DEBUG storage::content_manager::snapshots::recover: Snapshot downloaded to /home/san/gaianet/qdrant/snapshots/default/default.snapshot    
2024-09-23T16:38:46.135347Z DEBUG storage::content_manager::snapshots::recover: Recovering collection default from snapshot /home/san/gaianet/qdrant/snapshots/default/default.snapshot    
2024-09-23T16:38:46.135359Z DEBUG storage::content_manager::snapshots::recover: Unpacking snapshot to /home/san/gaianet/qdrant/./storage/tmp/col-default-recovery-aAS5lA    
2024-09-23T16:38:47.376793Z DEBUG storage::content_manager::snapshots::recover: Collection default does not exist, creating it    
2024-09-23T16:38:47.377215Z  INFO storage::content_manager::toc::collection_meta_ops: Creating collection default    
2024-09-23T16:38:47.680945Z DEBUG collection::collection: Changing shard default:0 replica state from Some(Initializing) to Active    
2024-09-23T16:38:47.680966Z DEBUG collection::shards::replica_set: Changing local shard default:0 state from Some(Initializing) to Active    
2024-09-23T16:38:47.685403Z DEBUG storage::content_manager::snapshots::recover: Recovering shard 0 from /home/san/gaianet/qdrant/./storage/tmp/col-default-recovery-aAS5lA/0    
2024-09-23T16:38:47.686593Z DEBUG collection::update_handler: Stopping flush worker.    
2024-09-23T16:38:47.933114Z  INFO collection::shards::local_shard: Recovering collection default: 0/20 (0%)    
2024-09-23T16:38:47.997987Z  INFO collection::shards::local_shard: Recovered collection default: 20/20 (100%)    
2024-09-23T16:38:48.000673Z DEBUG storage::content_manager::snapshots::recover: Activating shard 0 of collection default locally    
2024-09-23T16:38:48.000699Z DEBUG collection::collection: Changing shard default:0 replica state from Some(Active) to Active    
2024-09-23T16:38:48.000710Z DEBUG collection::shards::replica_set: Changing local shard default:0 state from Some(Active) to Active    
2024-09-23T16:38:48.006494Z  INFO actix_web::middleware::logger: 127.0.0.1 "POST /collections/default/snapshots/upload?priority=snapshot HTTP/1.1" 200 48 "-" "curl/7.81.0" 2.291730    
2024-09-23T16:38:53.043440Z DEBUG qdrant::tonic: Stopping gRPC service on SIGTERM    
2024-09-23T16:38:53.043450Z  INFO actix_server::server: SIGTERM received; starting graceful shutdown
2024-09-23T16:38:53.043656Z  INFO actix_server::worker: Shutting down idle worker
2024-09-23T16:38:53.043672Z  INFO actix_server::worker: Shutting down idle worker
2024-09-23T16:38:53.043702Z  INFO actix_server::worker: Shutting down idle worker
2024-09-23T16:38:53.043734Z  INFO actix_server::worker: Shutting down idle worker
2024-09-23T16:38:53.043740Z  INFO actix_server::worker: Shutting down idle worker
2024-09-23T16:38:53.043754Z  INFO actix_server::worker: Shutting down idle worker
2024-09-23T16:38:53.043780Z  INFO actix_server::worker: Shutting down idle worker
2024-09-23T16:38:53.043780Z DEBUG actix_server::accept: Paused accepting connections on 127.0.0.1:6333
2024-09-23T16:38:53.043781Z  INFO actix_server::worker: Shutting down idle worker
2024-09-23T16:38:53.043865Z  INFO actix_server::worker: Shutting down idle worker
2024-09-23T16:38:53.044417Z  INFO actix_server::worker: Shutting down idle worker
2024-09-23T16:38:53.043705Z  INFO actix_server::worker: Shutting down idle worker
2024-09-23T16:38:53.043848Z  INFO actix_server::accept: Accept thread stopped
2024-09-23T16:38:53.349360Z DEBUG qdrant: Waiting for thread grpc to finish    
2024-09-23T16:38:53.350029Z DEBUG collection::update_handler: Stopping flush worker.    
